<?xml version="1.0" encoding="UTF-8"?>
<!-- Generated by org.testng.reporters.JUnitXMLReporter -->
<testsuite hostname="Admins-MacBook-Pro.local" ignored="0" name="Default test" tests="14" failures="1" timestamp="20 Aug 2018 08:55:30 GMT" time="0.061" errors="0">
  <testcase name="@BeforeSuite setup" time="0.0" classname="testsuites.TestBase">
    <failure type="java.lang.IllegalStateException" message="The driver is not executable: /Users/SPS/eclipse-workspace/WorkingSpace/Interview/chromedriver">
      <![CDATA[java.lang.IllegalStateException: The driver is not executable: /Users/SPS/eclipse-workspace/WorkingSpace/Interview/chromedriver
	at com.google.common.base.Preconditions.checkState(Preconditions.java:518)
	at org.openqa.selenium.remote.service.DriverService.checkExecutable(DriverService.java:140)
	at org.openqa.selenium.remote.service.DriverService.findExecutable(DriverService.java:131)
	at org.openqa.selenium.chrome.ChromeDriverService.access$000(ChromeDriverService.java:32)
	at org.openqa.selenium.chrome.ChromeDriverService$Builder.findDefaultExecutable(ChromeDriverService.java:137)
	at org.openqa.selenium.remote.service.DriverService$Builder.build(DriverService.java:330)
	at org.openqa.selenium.chrome.ChromeDriverService.createDefaultService(ChromeDriverService.java:88)
	at org.openqa.selenium.chrome.ChromeDriver.<init>(ChromeDriver.java:158)
	at Browsers.BrowserAdapter.initializeBrowserAdapter(BrowserAdapter.java:28)
	at testsuites.TestBase.initBrowser(TestBase.java:44)
	at testsuites.TestBase.setup(TestBase.java:49)
	at sun.reflect.NativeMethodAccessorImpl.invoke0(Native Method)
	at sun.reflect.NativeMethodAccessorImpl.invoke(NativeMethodAccessorImpl.java:62)
	at sun.reflect.DelegatingMethodAccessorImpl.invoke(DelegatingMethodAccessorImpl.java:43)
	at java.lang.reflect.Method.invoke(Method.java:498)
	at org.testng.internal.MethodInvocationHelper.invokeMethod(MethodInvocationHelper.java:104)
	at org.testng.internal.Invoker.invokeConfigurationMethod(Invoker.java:515)
	at org.testng.internal.Invoker.invokeConfigurations(Invoker.java:217)
	at org.testng.internal.Invoker.invokeConfigurations(Invoker.java:144)
	at org.testng.SuiteRunner.privateRun(SuiteRunner.java:326)
	at org.testng.SuiteRunner.run(SuiteRunner.java:289)
	at org.testng.SuiteRunnerWorker.runSuite(SuiteRunnerWorker.java:52)
	at org.testng.SuiteRunnerWorker.run(SuiteRunnerWorker.java:86)
	at org.testng.TestNG.runSuitesSequentially(TestNG.java:1293)
	at org.testng.TestNG.runSuitesLocally(TestNG.java:1218)
	at org.testng.TestNG.runSuites(TestNG.java:1133)
	at org.testng.TestNG.run(TestNG.java:1104)
	at org.testng.remote.AbstractRemoteTestNG.run(AbstractRemoteTestNG.java:114)
	at org.testng.remote.RemoteTestNG.initAndRun(RemoteTestNG.java:251)
	at org.testng.remote.RemoteTestNG.main(RemoteTestNG.java:77)
]]>
    </failure>
  </testcase> <!-- @BeforeSuite setup -->
  <testcase name="@BeforeMethod beforeMethod" time="0.0" classname="testsuites.TestBase">
    <skipped/>
  </testcase> <!-- @BeforeMethod beforeMethod -->
  <testcase name="@AfterMethod AfterTest" time="0.0" classname="testsuites.TestBase">
    <skipped/>
  </testcase> <!-- @AfterMethod AfterTest -->
  <testcase name="@BeforeMethod beforeMethod" time="0.0" classname="testsuites.TestBase">
    <skipped/>
  </testcase> <!-- @BeforeMethod beforeMethod -->
  <testcase name="@AfterMethod AfterTest" time="0.0" classname="testsuites.TestBase">
    <skipped/>
  </testcase> <!-- @AfterMethod AfterTest -->
  <testcase name="@BeforeMethod beforeMethod" time="0.0" classname="testsuites.TestBase">
    <skipped/>
  </testcase> <!-- @BeforeMethod beforeMethod -->
  <testcase name="@AfterMethod AfterTest" time="0.0" classname="testsuites.TestBase">
    <skipped/>
  </testcase> <!-- @AfterMethod AfterTest -->
  <testcase name="@BeforeMethod beforeMethod" time="0.0" classname="testsuites.TestBase">
    <skipped/>
  </testcase> <!-- @BeforeMethod beforeMethod -->
  <testcase name="@AfterMethod AfterTest" time="0.0" classname="testsuites.TestBase">
    <skipped/>
  </testcase> <!-- @AfterMethod AfterTest -->
  <testcase name="@BeforeMethod beforeMethod" time="0.0" classname="testsuites.TestBase">
    <skipped/>
  </testcase> <!-- @BeforeMethod beforeMethod -->
  <testcase name="@AfterMethod AfterTest" time="0.0" classname="testsuites.TestBase">
    <skipped/>
  </testcase> <!-- @AfterMethod AfterTest -->
  <testcase name="@BeforeMethod beforeMethod" time="0.0" classname="testsuites.TestBase">
    <skipped/>
  </testcase> <!-- @BeforeMethod beforeMethod -->
  <testcase name="@AfterMethod AfterTest" time="0.0" classname="testsuites.TestBase">
    <skipped/>
  </testcase> <!-- @AfterMethod AfterTest -->
  <testcase name="@BeforeMethod beforeMethod" time="0.0" classname="testsuites.TestBase">
    <skipped/>
  </testcase> <!-- @BeforeMethod beforeMethod -->
  <testcase name="@AfterMethod AfterTest" time="0.0" classname="testsuites.TestBase">
    <skipped/>
  </testcase> <!-- @AfterMethod AfterTest -->
  <testcase name="@BeforeMethod beforeMethod" time="0.0" classname="testsuites.TestBase">
    <skipped/>
  </testcase> <!-- @BeforeMethod beforeMethod -->
  <testcase name="@AfterMethod AfterTest" time="0.0" classname="testsuites.TestBase">
    <skipped/>
  </testcase> <!-- @AfterMethod AfterTest -->
  <testcase name="@BeforeMethod beforeMethod" time="0.0" classname="testsuites.TestBase">
    <skipped/>
  </testcase> <!-- @BeforeMethod beforeMethod -->
  <testcase name="@AfterMethod AfterTest" time="0.0" classname="testsuites.TestBase">
    <skipped/>
  </testcase> <!-- @AfterMethod AfterTest -->
  <testcase name="@BeforeMethod beforeMethod" time="0.0" classname="testsuites.TestBase">
    <skipped/>
  </testcase> <!-- @BeforeMethod beforeMethod -->
  <testcase name="@AfterMethod AfterTest" time="0.0" classname="testsuites.TestBase">
    <skipped/>
  </testcase> <!-- @AfterMethod AfterTest -->
  <testcase name="@BeforeMethod beforeMethod" time="0.0" classname="testsuites.TestBase">
    <skipped/>
  </testcase> <!-- @BeforeMethod beforeMethod -->
  <testcase name="@AfterMethod AfterTest" time="0.0" classname="testsuites.TestBase">
    <skipped/>
  </testcase> <!-- @AfterMethod AfterTest -->
  <testcase name="OpenGoogleWebSiteAndSearchCompanyURL" time="0.001" classname="testsuites.BranchHomePageTests">
    <skipped/>
  </testcase> <!-- OpenGoogleWebSiteAndSearchCompanyURL -->
  <testcase name="NavigateToCompanyUrl" time="0.0" classname="testsuites.BranchHomePageTests">
    <skipped/>
  </testcase> <!-- NavigateToCompanyUrl -->
  <testcase name="ClickonTeamLink" time="0.0" classname="testsuites.BranchHomePageTests">
    <skipped/>
  </testcase> <!-- ClickonTeamLink -->
  <testcase name="getNamesOfEmployeesInAllDept" time="0.0" classname="testsuites.BranchHomePageTests">
    <skipped/>
  </testcase> <!-- getNamesOfEmployeesInAllDept -->
  <testcase name="ClickOnEveryDeptTabAndFetchTotalNoOfEmployees" time="0.0" classname="testsuites.BranchHomePageTests">
    <skipped/>
  </testcase> <!-- ClickOnEveryDeptTabAndFetchTotalNoOfEmployees -->
  <testcase name="ClickOnEveryDeptTabAndFetchTotalNoOfEmployees" time="0.0" classname="testsuites.BranchHomePageTests">
    <skipped/>
  </testcase> <!-- ClickOnEveryDeptTabAndFetchTotalNoOfEmployees -->
  <testcase name="ClickOnEveryDeptTabAndFetchTotalNoOfEmployees" time="0.0" classname="testsuites.BranchHomePageTests">
    <skipped/>
  </testcase> <!-- ClickOnEveryDeptTabAndFetchTotalNoOfEmployees -->
  <testcase name="ClickOnEveryDeptTabAndFetchTotalNoOfEmployees" time="0.0" classname="testsuites.BranchHomePageTests">
    <skipped/>
  </testcase> <!-- ClickOnEveryDeptTabAndFetchTotalNoOfEmployees -->
  <testcase name="ClickOnEveryDeptTabAndFetchTotalNoOfEmployees" time="0.0" classname="testsuites.BranchHomePageTests">
    <skipped/>
  </testcase> <!-- ClickOnEveryDeptTabAndFetchTotalNoOfEmployees -->
  <testcase name="ClickOnEveryDeptTabAndFetchTotalNoOfEmployees" time="0.0" classname="testsuites.BranchHomePageTests">
    <skipped/>
  </testcase> <!-- ClickOnEveryDeptTabAndFetchTotalNoOfEmployees -->
  <testcase name="ClickOnEveryDeptTabAndFetchTotalNoOfEmployees" time="0.0" classname="testsuites.BranchHomePageTests">
    <skipped/>
  </testcase> <!-- ClickOnEveryDeptTabAndFetchTotalNoOfEmployees -->
  <testcase name="FillContactPageForDemo" time="0.0" classname="testsuites.BranchHomePageTests">
    <failure type="org.testng.TestNGException" message="
Parameter &amp;apos;EmailID&amp;apos; is required by @Test on method FillContactPageForDemo but has not been marked @Optional or defined
in /private/var/folders/kv/9v30_56s2pv8zbfpb3q7q_t40000gp/T/testng-eclipse--1967604936/testng-customsuite.xml">
      <![CDATA[org.testng.TestNGException: 
Parameter 'EmailID' is required by @Test on method FillContactPageForDemo but has not been marked @Optional or defined
in /private/var/folders/kv/9v30_56s2pv8zbfpb3q7q_t40000gp/T/testng-eclipse--1967604936/testng-customsuite.xml
	at org.testng.internal.Parameters.createParameters(Parameters.java:199)
	at org.testng.internal.Parameters.createParameters(Parameters.java:443)
	at org.testng.internal.Parameters.handleParameters(Parameters.java:568)
	at org.testng.internal.Invoker.handleParameters(Invoker.java:1293)
	at org.testng.internal.Invoker.createParameters(Invoker.java:1020)
	at org.testng.internal.Invoker.invokeTestMethods(Invoker.java:1110)
	at org.testng.internal.TestMethodWorker.invokeTestMethods(TestMethodWorker.java:129)
	at org.testng.internal.TestMethodWorker.run(TestMethodWorker.java:112)
	at org.testng.TestRunner.privateRun(TestRunner.java:756)
	at org.testng.TestRunner.run(TestRunner.java:610)
	at org.testng.SuiteRunner.runTest(SuiteRunner.java:387)
	at org.testng.SuiteRunner.runSequentially(SuiteRunner.java:382)
	at org.testng.SuiteRunner.privateRun(SuiteRunner.java:340)
	at org.testng.SuiteRunner.run(SuiteRunner.java:289)
	at org.testng.SuiteRunnerWorker.runSuite(SuiteRunnerWorker.java:52)
	at org.testng.SuiteRunnerWorker.run(SuiteRunnerWorker.java:86)
	at org.testng.TestNG.runSuitesSequentially(TestNG.java:1293)
	at org.testng.TestNG.runSuitesLocally(TestNG.java:1218)
	at org.testng.TestNG.runSuites(TestNG.java:1133)
	at org.testng.TestNG.run(TestNG.java:1104)
	at org.testng.remote.AbstractRemoteTestNG.run(AbstractRemoteTestNG.java:114)
	at org.testng.remote.RemoteTestNG.initAndRun(RemoteTestNG.java:251)
	at org.testng.remote.RemoteTestNG.main(RemoteTestNG.java:77)
]]>
    </failure>
  </testcase> <!-- FillContactPageForDemo -->
  <testcase name="CompareCountinAllTabAndOthersTabs" time="0.0" classname="testsuites.BranchHomePageTests">
    <skipped/>
  </testcase> <!-- CompareCountinAllTabAndOthersTabs -->
  <testcase name="CompareNamesinAllTabsAndOthersTabs" time="0.0" classname="testsuites.BranchHomePageTests">
    <skipped/>
  </testcase> <!-- CompareNamesinAllTabsAndOthersTabs -->
</testsuite> <!-- Default test -->
