<?xml version="1.0" encoding="UTF-8"?>
<!-- Generated by org.testng.reporters.JUnitXMLReporter -->
<testsuite hostname="Admins-MacBook-Pro.local" ignored="0" name="Btest01" tests="14" failures="3" timestamp="20 Aug 2018 08:58:27 GMT" time="36.081" errors="0">
  <testcase name="OpenGoogleWebSiteAndSearchCompanyURL" time="2.352" classname="testsuites.BranchHomePageTests"/>
  <testcase name="NavigateToCompanyUrl" time="0.071" classname="testsuites.BranchHomePageTests"/>
  <testcase name="ClickonTeamLink" time="2.171" classname="testsuites.BranchHomePageTests"/>
  <testcase name="getNamesOfEmployeesInAllDept" time="3.96" classname="testsuites.BranchHomePageTests"/>
  <testcase name="ClickOnEveryDeptTabAndFetchTotalNoOfEmployees" time="0.171" classname="testsuites.BranchHomePageTests"/>
  <testcase name="ClickOnEveryDeptTabAndFetchTotalNoOfEmployees" time="0.488" classname="testsuites.BranchHomePageTests"/>
  <testcase name="ClickOnEveryDeptTabAndFetchTotalNoOfEmployees" time="0.217" classname="testsuites.BranchHomePageTests"/>
  <testcase name="ClickOnEveryDeptTabAndFetchTotalNoOfEmployees" time="0.133" classname="testsuites.BranchHomePageTests"/>
  <testcase name="ClickOnEveryDeptTabAndFetchTotalNoOfEmployees" time="0.601" classname="testsuites.BranchHomePageTests"/>
  <testcase name="ClickOnEveryDeptTabAndFetchTotalNoOfEmployees" time="0.114" classname="testsuites.BranchHomePageTests"/>
  <testcase name="ClickOnEveryDeptTabAndFetchTotalNoOfEmployees" time="0.114" classname="testsuites.BranchHomePageTests"/>
  <testcase name="FillContactPageForDemo" time="25.633" classname="testsuites.BranchHomePageTests">
    <failure type="org.openqa.selenium.NoSuchElementException" message="no such element: Unable to locate element: {&amp;quot;method&amp;quot;:&amp;quot;id&amp;quot;,&amp;quot;selector&amp;quot;:&amp;quot;notice&amp;quot;}
  (Session info: chrome=68.0.3440.106)
  (Driver info: chromedriver=2.41.578706 (5f725d1b4f0a4acbf5259df887244095596231db),platform=Mac OS X 10.13.4 x86_64) (WARNING: The server did not provide any stacktrace information)
Command duration or timeout: 20.03 seconds
For documentation on this error, please visit: http://seleniumhq.org/exceptions/no_such_element.html
Build info: version: &amp;apos;3.4.0&amp;apos;, revision: &amp;apos;unknown&amp;apos;, time: &amp;apos;unknown&amp;apos;
System info: host: &amp;apos;Admins-MacBook-Pro.local&amp;apos;, ip: &amp;apos;2601:647:4501:3d05:9535:d3d7:ad60:b8cf%en0&amp;apos;, os.name: &amp;apos;Mac OS X&amp;apos;, os.arch: &amp;apos;x86_64&amp;apos;, os.version: &amp;apos;10.13.4&amp;apos;, java.version: &amp;apos;1.8.0_172&amp;apos;
Driver info: org.openqa.selenium.chrome.ChromeDriver
Capabilities [{mobileEmulationEnabled=false, hasTouchScreen=false, platform=MAC, acceptSslCerts=false, goog:chromeOptions={debuggerAddress=localhost:62016}, acceptInsecureCerts=false, webStorageEnabled=true, browserName=chrome, takesScreenshot=true, javascriptEnabled=true, setWindowRect=true, unexpectedAlertBehaviour=, applicationCacheEnabled=false, rotatable=false, networkConnectionEnabled=false, chrome={chromedriverVersion=2.41.578706 (5f725d1b4f0a4acbf5259df887244095596231db), userDataDir=/var/folders/kv/9v30_56s2pv8zbfpb3q7q_t40000gp/T/.org.chromium.Chromium.kPRCxH}, takesHeapSnapshot=true, pageLoadStrategy=normal, databaseEnabled=false, handlesAlerts=true, version=68.0.3440.106, browserConnectionEnabled=false, nativeEvents=true, locationContextEnabled=true, cssSelectorsEnabled=true}]
Session ID: c1a5c282676d5f03d2760e2d39753be5
*** Element info: {Using=id, value=notice}">
      <![CDATA[org.openqa.selenium.NoSuchElementException: no such element: Unable to locate element: {"method":"id","selector":"notice"}
  (Session info: chrome=68.0.3440.106)
  (Driver info: chromedriver=2.41.578706 (5f725d1b4f0a4acbf5259df887244095596231db),platform=Mac OS X 10.13.4 x86_64) (WARNING: The server did not provide any stacktrace information)
Command duration or timeout: 20.03 seconds
For documentation on this error, please visit: http://seleniumhq.org/exceptions/no_such_element.html
Build info: version: '3.4.0', revision: 'unknown', time: 'unknown'
System info: host: 'Admins-MacBook-Pro.local', ip: '2601:647:4501:3d05:9535:d3d7:ad60:b8cf%en0', os.name: 'Mac OS X', os.arch: 'x86_64', os.version: '10.13.4', java.version: '1.8.0_172'
Driver info: org.openqa.selenium.chrome.ChromeDriver
Capabilities [{mobileEmulationEnabled=false, hasTouchScreen=false, platform=MAC, acceptSslCerts=false, goog:chromeOptions={debuggerAddress=localhost:62016}, acceptInsecureCerts=false, webStorageEnabled=true, browserName=chrome, takesScreenshot=true, javascriptEnabled=true, setWindowRect=true, unexpectedAlertBehaviour=, applicationCacheEnabled=false, rotatable=false, networkConnectionEnabled=false, chrome={chromedriverVersion=2.41.578706 (5f725d1b4f0a4acbf5259df887244095596231db), userDataDir=/var/folders/kv/9v30_56s2pv8zbfpb3q7q_t40000gp/T/.org.chromium.Chromium.kPRCxH}, takesHeapSnapshot=true, pageLoadStrategy=normal, databaseEnabled=false, handlesAlerts=true, version=68.0.3440.106, browserConnectionEnabled=false, nativeEvents=true, locationContextEnabled=true, cssSelectorsEnabled=true}]
Session ID: c1a5c282676d5f03d2760e2d39753be5
*** Element info: {Using=id, value=notice}
	at org.openqa.selenium.remote.ErrorHandler.createThrowable(ErrorHandler.java:215)
	at org.openqa.selenium.remote.ErrorHandler.throwIfResponseFailed(ErrorHandler.java:167)
	at org.openqa.selenium.remote.RemoteWebDriver.execute(RemoteWebDriver.java:671)
	at org.openqa.selenium.remote.RemoteWebDriver.findElement(RemoteWebDriver.java:410)
	at org.openqa.selenium.remote.RemoteWebDriver.findElementById(RemoteWebDriver.java:453)
	at org.openqa.selenium.By$ById.findElement(By.java:218)
	at org.openqa.selenium.remote.RemoteWebDriver.findElement(RemoteWebDriver.java:402)
	at org.openqa.selenium.support.pagefactory.DefaultElementLocator.findElement(DefaultElementLocator.java:69)
	at org.openqa.selenium.support.pagefactory.internal.LocatingElementHandler.invoke(LocatingElementHandler.java:38)
	at com.sun.proxy.$Proxy11.getText(Unknown Source)
	at Pages.ContactPage.getTicketCreateMessage(ContactPage.java:92)
	at testsuites.BranchHomePageTests.FillContactPageForDemo(BranchHomePageTests.java:119)
... Removed 29 stack frames]]>
    </failure>
  </testcase> <!-- FillContactPageForDemo -->
  <testcase name="CompareCountinAllTabAndOthersTabs" time="0.002" classname="testsuites.BranchHomePageTests">
    <failure type="java.lang.AssertionError" message="expected [126] but found [131]">
      <![CDATA[java.lang.AssertionError: expected [126] but found [131]
	at testsuites.BranchHomePageTests.CompareCountinAllTabAndOthersTabs(BranchHomePageTests.java:86)
... Removed 31 stack frames]]>
    </failure>
  </testcase> <!-- CompareCountinAllTabAndOthersTabs -->
  <testcase name="CompareNamesinAllTabsAndOthersTabs" time="0.001" classname="testsuites.BranchHomePageTests">
    <failure type="java.lang.AssertionError" message="lists don&amp;apos;t have the same size expected [126] but found [5]">
      <![CDATA[java.lang.AssertionError: lists don't have the same size expected [126] but found [5]
	at testsuites.BranchHomePageTests.CompareNamesinAllTabsAndOthersTabs(BranchHomePageTests.java:99)
... Removed 32 stack frames]]>
    </failure>
  </testcase> <!-- CompareNamesinAllTabsAndOthersTabs -->
</testsuite> <!-- Btest01 -->
