<html>
<head>
<title>TestNG:  Btest01</title>
<link href="../testng.css" rel="stylesheet" type="text/css" />
<link href="../my-testng.css" rel="stylesheet" type="text/css" />

<style type="text/css">
.log { display: none;} 
.stack-trace { display: none;} 
</style>
<script type="text/javascript">
<!--
function flip(e) {
  current = e.style.display;
  if (current == 'block') {
    e.style.display = 'none';
    return 0;
  }
  else {
    e.style.display = 'block';
    return 1;
  }
}

function toggleBox(szDivId, elem, msg1, msg2)
{
  var res = -1;  if (document.getElementById) {
    res = flip(document.getElementById(szDivId));
  }
  else if (document.all) {
    // this is the way old msie versions work
    res = flip(document.all[szDivId]);
  }
  if(elem) {
    if(res == 0) elem.innerHTML = msg1; else elem.innerHTML = msg2;
  }

}

function toggleAllBoxes() {
  if (document.getElementsByTagName) {
    d = document.getElementsByTagName('div');
    for (i = 0; i < d.length; i++) {
      if (d[i].className == 'log') {
        flip(d[i]);
      }
    }
  }
}

// -->
</script>

</head>
<body>
<h2 align='center'>Btest01</h2><table border='1' align="center">
<tr>
<td>Tests passed/Failed/Skipped:</td><td>11/3/0</td>
</tr><tr>
<td>Started on:</td><td>Mon Aug 20 01:57:51 PDT 2018</td>
</tr>
<tr><td>Total time:</td><td>36 seconds (36081 ms)</td>
</tr><tr>
<td>Included groups:</td><td></td>
</tr><tr>
<td>Excluded groups:</td><td></td>
</tr>
</table><p/>
<small><i>(Hover the method name to see the test class name)</i></small><p/>
<table width='100%' border='1' class='invocation-failed'>
<tr><td colspan='4' align='center'><b>FAILED TESTS</b></td></tr>
<tr><td><b>Test method</b></td>
<td width="30%"><b>Exception</b></td>
<td width="10%"><b>Time (seconds)</b></td>
<td><b>Instance</b></td>
</tr>
<tr>
<td title='testsuites.BranchHomePageTests.CompareCountinAllTabAndOthersTabs()'><b>CompareCountinAllTabAndOthersTabs</b><br>Test class: testsuites.BranchHomePageTests<br>Test method: Compare the No of Employees in All tab and Other Dept tabs</td>
<td><div><pre>java.lang.AssertionError: expected [126] but found [131]
	at testsuites.BranchHomePageTests.CompareCountinAllTabAndOthersTabs(BranchHomePageTests.java:86)
... Removed 31 stack frames</pre></div><a href='#' onClick='toggleBox("stack-trace479459041", this, "Click to show all stack frames", "Click to hide stack frames")'>Click to show all stack frames</a>
<div class='stack-trace' id='stack-trace479459041'><pre>java.lang.AssertionError: expected [126] but found [131]
	at org.testng.Assert.fail(Assert.java:94)
	at org.testng.Assert.failNotEquals(Assert.java:513)
	at org.testng.Assert.assertEqualsImpl(Assert.java:135)
	at org.testng.Assert.assertEquals(Assert.java:116)
	at org.testng.Assert.assertEquals(Assert.java:389)
	at org.testng.Assert.assertEquals(Assert.java:399)
	at testsuites.BranchHomePageTests.CompareCountinAllTabAndOthersTabs(BranchHomePageTests.java:86)
	at sun.reflect.NativeMethodAccessorImpl.invoke0(Native Method)
	at sun.reflect.NativeMethodAccessorImpl.invoke(NativeMethodAccessorImpl.java:62)
	at sun.reflect.DelegatingMethodAccessorImpl.invoke(DelegatingMethodAccessorImpl.java:43)
	at java.lang.reflect.Method.invoke(Method.java:498)
	at org.testng.internal.MethodInvocationHelper.invokeMethod(MethodInvocationHelper.java:104)
	at org.testng.internal.Invoker.invokeMethod(Invoker.java:645)
	at org.testng.internal.Invoker.invokeTestMethod(Invoker.java:851)
	at org.testng.internal.Invoker.invokeTestMethods(Invoker.java:1177)
	at org.testng.internal.TestMethodWorker.invokeTestMethods(TestMethodWorker.java:129)
	at org.testng.internal.TestMethodWorker.run(TestMethodWorker.java:112)
	at org.testng.TestRunner.privateRun(TestRunner.java:756)
	at org.testng.TestRunner.run(TestRunner.java:610)
	at org.testng.SuiteRunner.runTest(SuiteRunner.java:387)
	at org.testng.SuiteRunner.runSequentially(SuiteRunner.java:382)
	at org.testng.SuiteRunner.privateRun(SuiteRunner.java:340)
	at org.testng.SuiteRunner.run(SuiteRunner.java:289)
	at org.testng.SuiteRunnerWorker.runSuite(SuiteRunnerWorker.java:52)
	at org.testng.SuiteRunnerWorker.run(SuiteRunnerWorker.java:86)
	at org.testng.TestNG.runSuitesSequentially(TestNG.java:1293)
	at org.testng.TestNG.runSuitesLocally(TestNG.java:1218)
	at org.testng.TestNG.runSuites(TestNG.java:1133)
	at org.testng.TestNG.run(TestNG.java:1104)
	at org.testng.remote.AbstractRemoteTestNG.run(AbstractRemoteTestNG.java:114)
	at org.testng.remote.RemoteTestNG.initAndRun(RemoteTestNG.java:251)
	at org.testng.remote.RemoteTestNG.main(RemoteTestNG.java:77)
</pre></div></td>
<td>0</td>
<td>testsuites.BranchHomePageTests@3c0a50da</td></tr>
<tr>
<td title='testsuites.BranchHomePageTests.CompareNamesinAllTabsAndOthersTabs()'><b>CompareNamesinAllTabsAndOthersTabs</b><br>Test class: testsuites.BranchHomePageTests<br>Test method: Compare the Number of employees in All tabs and Other departments</td>
<td><div><pre>java.lang.AssertionError: lists don&apos;t have the same size expected [126] but found [5]
	at testsuites.BranchHomePageTests.CompareNamesinAllTabsAndOthersTabs(BranchHomePageTests.java:99)
... Removed 32 stack frames</pre></div><a href='#' onClick='toggleBox("stack-trace319689067", this, "Click to show all stack frames", "Click to hide stack frames")'>Click to show all stack frames</a>
<div class='stack-trace' id='stack-trace319689067'><pre>java.lang.AssertionError: lists don&apos;t have the same size expected [126] but found [5]
	at org.testng.Assert.fail(Assert.java:94)
	at org.testng.Assert.failNotEquals(Assert.java:513)
	at org.testng.Assert.assertEqualsImpl(Assert.java:135)
	at org.testng.Assert.assertEquals(Assert.java:116)
	at org.testng.Assert.assertEquals(Assert.java:389)
	at org.testng.Assert.assertEquals(Assert.java:556)
	at org.testng.Assert.assertEquals(Assert.java:533)
	at testsuites.BranchHomePageTests.CompareNamesinAllTabsAndOthersTabs(BranchHomePageTests.java:99)
	at sun.reflect.NativeMethodAccessorImpl.invoke0(Native Method)
	at sun.reflect.NativeMethodAccessorImpl.invoke(NativeMethodAccessorImpl.java:62)
	at sun.reflect.DelegatingMethodAccessorImpl.invoke(DelegatingMethodAccessorImpl.java:43)
	at java.lang.reflect.Method.invoke(Method.java:498)
	at org.testng.internal.MethodInvocationHelper.invokeMethod(MethodInvocationHelper.java:104)
	at org.testng.internal.Invoker.invokeMethod(Invoker.java:645)
	at org.testng.internal.Invoker.invokeTestMethod(Invoker.java:851)
	at org.testng.internal.Invoker.invokeTestMethods(Invoker.java:1177)
	at org.testng.internal.TestMethodWorker.invokeTestMethods(TestMethodWorker.java:129)
	at org.testng.internal.TestMethodWorker.run(TestMethodWorker.java:112)
	at org.testng.TestRunner.privateRun(TestRunner.java:756)
	at org.testng.TestRunner.run(TestRunner.java:610)
	at org.testng.SuiteRunner.runTest(SuiteRunner.java:387)
	at org.testng.SuiteRunner.runSequentially(SuiteRunner.java:382)
	at org.testng.SuiteRunner.privateRun(SuiteRunner.java:340)
	at org.testng.SuiteRunner.run(SuiteRunner.java:289)
	at org.testng.SuiteRunnerWorker.runSuite(SuiteRunnerWorker.java:52)
	at org.testng.SuiteRunnerWorker.run(SuiteRunnerWorker.java:86)
	at org.testng.TestNG.runSuitesSequentially(TestNG.java:1293)
	at org.testng.TestNG.runSuitesLocally(TestNG.java:1218)
	at org.testng.TestNG.runSuites(TestNG.java:1133)
	at org.testng.TestNG.run(TestNG.java:1104)
	at org.testng.remote.AbstractRemoteTestNG.run(AbstractRemoteTestNG.java:114)
	at org.testng.remote.RemoteTestNG.initAndRun(RemoteTestNG.java:251)
	at org.testng.remote.RemoteTestNG.main(RemoteTestNG.java:77)
</pre></div></td>
<td>0</td>
<td>testsuites.BranchHomePageTests@3c0a50da</td></tr>
<tr>
<td title='testsuites.BranchHomePageTests.FillContactPageForDemo()'><b>FillContactPageForDemo</b><br>Test class: testsuites.BranchHomePageTests<br>Parameters: singh.satinder0887@gmail.com, Demo to Show example of data paramterization in TESTNG- Satinder, Billing, Demo Test Case QA Automation, Satinder</td>
<td><div><pre>org.openqa.selenium.NoSuchElementException: no such element: Unable to locate element: {&quot;method&quot;:&quot;id&quot;,&quot;selector&quot;:&quot;notice&quot;}
  (Session info: chrome=68.0.3440.106)
  (Driver info: chromedriver=2.41.578706 (5f725d1b4f0a4acbf5259df887244095596231db),platform=Mac OS X 10.13.4 x86_64) (WARNING: The server did not provide any stacktrace information)
Command duration or timeout: 20.03 seconds
For documentation on this error, please visit: http://seleniumhq.org/exceptions/no_such_element.html
Build info: version: &apos;3.4.0&apos;, revision: &apos;unknown&apos;, time: &apos;unknown&apos;
System info: host: &apos;Admins-MacBook-Pro.local&apos;, ip: &apos;2601:647:4501:3d05:9535:d3d7:ad60:b8cf%en0&apos;, os.name: &apos;Mac OS X&apos;, os.arch: &apos;x86_64&apos;, os.version: &apos;10.13.4&apos;, java.version: &apos;1.8.0_172&apos;
Driver info: org.openqa.selenium.chrome.ChromeDriver
Capabilities [{mobileEmulationEnabled=false, hasTouchScreen=false, platform=MAC, acceptSslCerts=false, goog:chromeOptions={debuggerAddress=localhost:62016}, acceptInsecureCerts=false, webStorageEnabled=true, browserName=chrome, takesScreenshot=true, javascriptEnabled=true, setWindowRect=true, unexpectedAlertBehaviour=, applicationCacheEnabled=false, rotatable=false, networkConnectionEnabled=false, chrome={chromedriverVersion=2.41.578706 (5f725d1b4f0a4acbf5259df887244095596231db), userDataDir=/var/folders/kv/9v30_56s2pv8zbfpb3q7q_t40000gp/T/.org.chromium.Chromium.kPRCxH}, takesHeapSnapshot=true, pageLoadStrategy=normal, databaseEnabled=false, handlesAlerts=true, version=68.0.3440.106, browserConnectionEnabled=false, nativeEvents=true, locationContextEnabled=true, cssSelectorsEnabled=true}]
Session ID: c1a5c282676d5f03d2760e2d39753be5
*** Element info: {Using=id, value=notice}
	at org.openqa.selenium.remote.ErrorHandler.createThrowable(ErrorHandler.java:215)
	at org.openqa.selenium.remote.ErrorHandler.throwIfResponseFailed(ErrorHandler.java:167)
	at org.openqa.selenium.remote.RemoteWebDriver.execute(RemoteWebDriver.java:671)
	at org.openqa.selenium.remote.RemoteWebDriver.findElement(RemoteWebDriver.java:410)
	at org.openqa.selenium.remote.RemoteWebDriver.findElementById(RemoteWebDriver.java:453)
	at org.openqa.selenium.By$ById.findElement(By.java:218)
	at org.openqa.selenium.remote.RemoteWebDriver.findElement(RemoteWebDriver.java:402)
	at org.openqa.selenium.support.pagefactory.DefaultElementLocator.findElement(DefaultElementLocator.java:69)
	at org.openqa.selenium.support.pagefactory.internal.LocatingElementHandler.invoke(LocatingElementHandler.java:38)
	at com.sun.proxy.$Proxy11.getText(Unknown Source)
	at Pages.ContactPage.getTicketCreateMessage(ContactPage.java:92)
	at testsuites.BranchHomePageTests.FillContactPageForDemo(BranchHomePageTests.java:119)
... Removed 29 stack frames</pre></div><a href='#' onClick='toggleBox("stack-trace45822040", this, "Click to show all stack frames", "Click to hide stack frames")'>Click to show all stack frames</a>
<div class='stack-trace' id='stack-trace45822040'><pre>org.openqa.selenium.NoSuchElementException: no such element: Unable to locate element: {&quot;method&quot;:&quot;id&quot;,&quot;selector&quot;:&quot;notice&quot;}
  (Session info: chrome=68.0.3440.106)
  (Driver info: chromedriver=2.41.578706 (5f725d1b4f0a4acbf5259df887244095596231db),platform=Mac OS X 10.13.4 x86_64) (WARNING: The server did not provide any stacktrace information)
Command duration or timeout: 20.03 seconds
For documentation on this error, please visit: http://seleniumhq.org/exceptions/no_such_element.html
Build info: version: &apos;3.4.0&apos;, revision: &apos;unknown&apos;, time: &apos;unknown&apos;
System info: host: &apos;Admins-MacBook-Pro.local&apos;, ip: &apos;2601:647:4501:3d05:9535:d3d7:ad60:b8cf%en0&apos;, os.name: &apos;Mac OS X&apos;, os.arch: &apos;x86_64&apos;, os.version: &apos;10.13.4&apos;, java.version: &apos;1.8.0_172&apos;
Driver info: org.openqa.selenium.chrome.ChromeDriver
Capabilities [{mobileEmulationEnabled=false, hasTouchScreen=false, platform=MAC, acceptSslCerts=false, goog:chromeOptions={debuggerAddress=localhost:62016}, acceptInsecureCerts=false, webStorageEnabled=true, browserName=chrome, takesScreenshot=true, javascriptEnabled=true, setWindowRect=true, unexpectedAlertBehaviour=, applicationCacheEnabled=false, rotatable=false, networkConnectionEnabled=false, chrome={chromedriverVersion=2.41.578706 (5f725d1b4f0a4acbf5259df887244095596231db), userDataDir=/var/folders/kv/9v30_56s2pv8zbfpb3q7q_t40000gp/T/.org.chromium.Chromium.kPRCxH}, takesHeapSnapshot=true, pageLoadStrategy=normal, databaseEnabled=false, handlesAlerts=true, version=68.0.3440.106, browserConnectionEnabled=false, nativeEvents=true, locationContextEnabled=true, cssSelectorsEnabled=true}]
Session ID: c1a5c282676d5f03d2760e2d39753be5
*** Element info: {Using=id, value=notice}
	at sun.reflect.NativeConstructorAccessorImpl.newInstance0(Native Method)
	at sun.reflect.NativeConstructorAccessorImpl.newInstance(NativeConstructorAccessorImpl.java:62)
	at sun.reflect.DelegatingConstructorAccessorImpl.newInstance(DelegatingConstructorAccessorImpl.java:45)
	at java.lang.reflect.Constructor.newInstance(Constructor.java:423)
	at org.openqa.selenium.remote.ErrorHandler.createThrowable(ErrorHandler.java:215)
	at org.openqa.selenium.remote.ErrorHandler.throwIfResponseFailed(ErrorHandler.java:167)
	at org.openqa.selenium.remote.RemoteWebDriver.execute(RemoteWebDriver.java:671)
	at org.openqa.selenium.remote.RemoteWebDriver.findElement(RemoteWebDriver.java:410)
	at org.openqa.selenium.remote.RemoteWebDriver.findElementById(RemoteWebDriver.java:453)
	at org.openqa.selenium.By$ById.findElement(By.java:218)
	at org.openqa.selenium.remote.RemoteWebDriver.findElement(RemoteWebDriver.java:402)
	at org.openqa.selenium.support.pagefactory.DefaultElementLocator.findElement(DefaultElementLocator.java:69)
	at org.openqa.selenium.support.pagefactory.internal.LocatingElementHandler.invoke(LocatingElementHandler.java:38)
	at com.sun.proxy.$Proxy11.getText(Unknown Source)
	at Pages.ContactPage.getTicketCreateMessage(ContactPage.java:92)
	at testsuites.BranchHomePageTests.FillContactPageForDemo(BranchHomePageTests.java:119)
	at sun.reflect.NativeMethodAccessorImpl.invoke0(Native Method)
	at sun.reflect.NativeMethodAccessorImpl.invoke(NativeMethodAccessorImpl.java:62)
	at sun.reflect.DelegatingMethodAccessorImpl.invoke(DelegatingMethodAccessorImpl.java:43)
	at java.lang.reflect.Method.invoke(Method.java:498)
	at org.testng.internal.MethodInvocationHelper.invokeMethod(MethodInvocationHelper.java:104)
	at org.testng.internal.Invoker.invokeMethod(Invoker.java:645)
	at org.testng.internal.Invoker.invokeTestMethod(Invoker.java:851)
	at org.testng.internal.Invoker.invokeTestMethods(Invoker.java:1177)
	at org.testng.internal.TestMethodWorker.invokeTestMethods(TestMethodWorker.java:129)
	at org.testng.internal.TestMethodWorker.run(TestMethodWorker.java:112)
	at org.testng.TestRunner.privateRun(TestRunner.java:756)
	at org.testng.TestRunner.run(TestRunner.java:610)
	at org.testng.SuiteRunner.runTest(SuiteRunner.java:387)
	at org.testng.SuiteRunner.runSequentially(SuiteRunner.java:382)
	at org.testng.SuiteRunner.privateRun(SuiteRunner.java:340)
	at org.testng.SuiteRunner.run(SuiteRunner.java:289)
	at org.testng.SuiteRunnerWorker.runSuite(SuiteRunnerWorker.java:52)
	at org.testng.SuiteRunnerWorker.run(SuiteRunnerWorker.java:86)
	at org.testng.TestNG.runSuitesSequentially(TestNG.java:1293)
	at org.testng.TestNG.runSuitesLocally(TestNG.java:1218)
	at org.testng.TestNG.runSuites(TestNG.java:1133)
	at org.testng.TestNG.run(TestNG.java:1104)
	at org.testng.remote.AbstractRemoteTestNG.run(AbstractRemoteTestNG.java:114)
	at org.testng.remote.RemoteTestNG.initAndRun(RemoteTestNG.java:251)
	at org.testng.remote.RemoteTestNG.main(RemoteTestNG.java:77)
</pre></div></td>
<td>25</td>
<td>testsuites.BranchHomePageTests@3c0a50da</td></tr>
</table><p>
<table width='100%' border='1' class='invocation-passed'>
<tr><td colspan='4' align='center'><b>PASSED TESTS</b></td></tr>
<tr><td><b>Test method</b></td>
<td width="30%"><b>Exception</b></td>
<td width="10%"><b>Time (seconds)</b></td>
<td><b>Instance</b></td>
</tr>
<tr>
<td title='testsuites.BranchHomePageTests.ClickOnEveryDeptTabAndFetchTotalNoOfEmployees()'><b>ClickOnEveryDeptTabAndFetchTotalNoOfEmployees</b><br>Test class: testsuites.BranchHomePageTests<br>Test method: Click on All the Depatments and count no of Employees and employee Names in each Department<br>Parameters: data</td>
<td></td>
<td>0</td>
<td>testsuites.BranchHomePageTests@3c0a50da</td></tr>
<tr>
<td title='testsuites.BranchHomePageTests.ClickOnEveryDeptTabAndFetchTotalNoOfEmployees()'><b>ClickOnEveryDeptTabAndFetchTotalNoOfEmployees</b><br>Test class: testsuites.BranchHomePageTests<br>Test method: Click on All the Depatments and count no of Employees and employee Names in each Department<br>Parameters: engineering</td>
<td></td>
<td>0</td>
<td>testsuites.BranchHomePageTests@3c0a50da</td></tr>
<tr>
<td title='testsuites.BranchHomePageTests.ClickOnEveryDeptTabAndFetchTotalNoOfEmployees()'><b>ClickOnEveryDeptTabAndFetchTotalNoOfEmployees</b><br>Test class: testsuites.BranchHomePageTests<br>Test method: Click on All the Depatments and count no of Employees and employee Names in each Department<br>Parameters: marketing</td>
<td></td>
<td>0</td>
<td>testsuites.BranchHomePageTests@3c0a50da</td></tr>
<tr>
<td title='testsuites.BranchHomePageTests.ClickOnEveryDeptTabAndFetchTotalNoOfEmployees()'><b>ClickOnEveryDeptTabAndFetchTotalNoOfEmployees</b><br>Test class: testsuites.BranchHomePageTests<br>Test method: Click on All the Depatments and count no of Employees and employee Names in each Department<br>Parameters: operations</td>
<td></td>
<td>0</td>
<td>testsuites.BranchHomePageTests@3c0a50da</td></tr>
<tr>
<td title='testsuites.BranchHomePageTests.ClickOnEveryDeptTabAndFetchTotalNoOfEmployees()'><b>ClickOnEveryDeptTabAndFetchTotalNoOfEmployees</b><br>Test class: testsuites.BranchHomePageTests<br>Test method: Click on All the Depatments and count no of Employees and employee Names in each Department<br>Parameters: partner growth</td>
<td></td>
<td>0</td>
<td>testsuites.BranchHomePageTests@3c0a50da</td></tr>
<tr>
<td title='testsuites.BranchHomePageTests.ClickOnEveryDeptTabAndFetchTotalNoOfEmployees()'><b>ClickOnEveryDeptTabAndFetchTotalNoOfEmployees</b><br>Test class: testsuites.BranchHomePageTests<br>Test method: Click on All the Depatments and count no of Employees and employee Names in each Department<br>Parameters: product</td>
<td></td>
<td>0</td>
<td>testsuites.BranchHomePageTests@3c0a50da</td></tr>
<tr>
<td title='testsuites.BranchHomePageTests.ClickOnEveryDeptTabAndFetchTotalNoOfEmployees()'><b>ClickOnEveryDeptTabAndFetchTotalNoOfEmployees</b><br>Test class: testsuites.BranchHomePageTests<br>Test method: Click on All the Depatments and count no of Employees and employee Names in each Department<br>Parameters: recruiting</td>
<td></td>
<td>0</td>
<td>testsuites.BranchHomePageTests@3c0a50da</td></tr>
<tr>
<td title='testsuites.BranchHomePageTests.ClickonTeamLink()'><b>ClickonTeamLink</b><br>Test class: testsuites.BranchHomePageTests<br>Test method: Click on Team link available on footer</td>
<td></td>
<td>2</td>
<td>testsuites.BranchHomePageTests@3c0a50da</td></tr>
<tr>
<td title='testsuites.BranchHomePageTests.NavigateToCompanyUrl()'><b>NavigateToCompanyUrl</b><br>Test class: testsuites.BranchHomePageTests<br>Test method:  Click on Branch Company and Navigate to Branch company Website</td>
<td></td>
<td>0</td>
<td>testsuites.BranchHomePageTests@3c0a50da</td></tr>
<tr>
<td title='testsuites.BranchHomePageTests.OpenGoogleWebSiteAndSearchCompanyURL()'><b>OpenGoogleWebSiteAndSearchCompanyURL</b><br>Test class: testsuites.BranchHomePageTests<br>Test method:  Open the Google website and Searcg Branch Company Name</td>
<td></td>
<td>2</td>
<td>testsuites.BranchHomePageTests@3c0a50da</td></tr>
<tr>
<td title='testsuites.BranchHomePageTests.getNamesOfEmployeesInAllDept()'><b>getNamesOfEmployeesInAllDept</b><br>Test class: testsuites.BranchHomePageTests<br>Test method: In All Tabs get All the Employeee Count and Employee Names</td>
<td></td>
<td>3</td>
<td>testsuites.BranchHomePageTests@3c0a50da</td></tr>
</table><p>
</body>
</html>